<?xml version="1.0" encoding="UTF-8"?>
<!-- Generated by org.testng.reporters.JUnitReportReporter -->
<testsuite hostname="LTIN617746" failures="0" tests="1" name="testCases.RegistrationTest" time="3.895" errors="0" timestamp="2025-07-20T13:40:59 IST" skipped="0">
  <testcase classname="testCases.RegistrationTest" name="verifyRegistration" time="3.895"/>
</testsuite> <!-- testCases.RegistrationTest -->
