<?xml version="1.0" encoding="UTF-8"?>
<!-- Generated by org.testng.reporters.JUnitReportReporter -->
<testsuite hostname="LTIN617746" failures="0" tests="1" name="testCases.TC01_AccountRegistrationTest" time="5.342" errors="0" timestamp="2025-07-26T14:24:49 IST" skipped="0">
  <testcase classname="testCases.TC01_AccountRegistrationTest" name="verifyRegistration" time="5.342"/>
</testsuite> <!-- testCases.TC01_AccountRegistrationTest -->
