<?xml version="1.0" encoding="UTF-8"?>
<!-- Generated by org.testng.reporters.JUnitReportReporter -->
<testsuite hostname="LTIN617746" failures="0" tests="1" name="testCases.TC02_LoginTest" time="2.429" errors="0" timestamp="2025-07-26T23:12:30 IST" skipped="0">
  <testcase classname="testCases.TC02_LoginTest" name="verifyLogin" time="2.429"/>
</testsuite> <!-- testCases.TC02_LoginTest -->
